<?xml version="1.0" encoding="UTF-8"?>
<testsuite xmlns:xsi="http://www.w3.org/2001/XMLSchema-instance" xsi:noNamespaceSchemaLocation="https://maven.apache.org/surefire/maven-surefire-plugin/xsd/surefire-test-report.xsd" version="3.0.2" name="com.example.IntegrationSystem.IntegrationSystemApplicationTests" time="2.868" tests="1" errors="0" skipped="0" failures="0">
  <properties>
[...]
</properties>
  <testcase name="contextLoads" classname="com.example.IntegrationSystem.IntegrationSystemApplicationTests" time="0.659">
    <system-out><![CDATA[11:42:12.918 [main] INFO org.springframework.test.context.support.AnnotationConfigContextLoaderUtils -- Could not detect default configuration classes for test class [com.example.IntegrationSystem.IntegrationSystemApplicationTests]: IntegrationSystemApplicationTests does not declare any static, non-private, non-final, nested classes annotated with @Configuration.
11:42:13.036 [main] INFO org.springframework.boot.test.context.SpringBootTestContextBootstrapper -- Found @SpringBootConfiguration com.example.IntegrationSystem.IntegrationSystemApplication for test class com.example.IntegrationSystem.IntegrationSystemApplicationTests

  .   ____          _            __ _ _
 /\\ / ___'_ __ _ _(_)_ __  __ _ \ \ \ \
( ( )\___ | '_ | '_| | '_ \/ _` | \ \ \ \
 \\/  ___)| |_)| | | | | || (_| |  ) ) ) )
  '  |____| .__|_| |_|_| |_\__, | / / / /
 =========|_|==============|___/=/_/_/_/

 :: Spring Boot ::                (v3.5.3)

2025-07-15T11:42:13.497+03:00  INFO 6164 --- [IntegrationSystem] [           main] c.e.I.IntegrationSystemApplicationTests  : Starting IntegrationSystemApplicationTests using Java 21.0.3 with PID 6164 (started by HarryShapor in G:\Programming\JAVA\IntegrationSystem)
2025-07-15T11:42:13.498+03:00  INFO 6164 --- [IntegrationSystem] [           main] c.e.I.IntegrationSystemApplicationTests  : No active profile set, falling back to 1 default profile: "default"
2025-07-15T11:42:14.954+03:00  INFO 6164 --- [IntegrationSystem] [           main] c.e.I.IntegrationSystemApplicationTests  : Started IntegrationSystemApplicationTests in 1.753 seconds (process running for 2.792)
]]></system-out>
    <system-err><![CDATA[Mockito is currently self-attaching to enable the inline-mock-maker. This will no longer work in future releases of the JDK. Please add Mockito as an agent to your build as described in Mockito's documentation: https://javadoc.io/doc/org.mockito/mockito-core/latest/org.mockito/org/mockito/Mockito.html#0.3
WARNING: A Java agent has been loaded dynamically (C:\Users\Hero1\.m2\repository\net\bytebuddy\byte-buddy-agent\1.17.6\byte-buddy-agent-1.17.6.jar)
WARNING: If a serviceability tool is in use, please run with -XX:+EnableDynamicAgentLoading to hide this warning
WARNING: If a serviceability tool is not in use, please run with -Djdk.instrument.traceUsage for more information
WARNING: Dynamic loading of agents will be disallowed by default in a future release
]]></system-err>
  </testcase>
</testsuite>